ERROR - 2023-08-23 04:27:48 --> mysqli_sql_exception: Unknown table 'dompetku_db.user' in /home/izaus/IzausLab/Project/dompetku/backend-ci4-dompetku/system/Database/MySQLi/Connection.php:295
Stack trace:
#0 /home/izaus/IzausLab/Project/dompetku/backend-ci4-dompetku/system/Database/MySQLi/Connection.php(295): mysqli->query()
#1 /home/izaus/IzausLab/Project/dompetku/backend-ci4-dompetku/system/Database/BaseConnection.php(692): CodeIgniter\Database\MySQLi\Connection->execute()
#2 /home/izaus/IzausLab/Project/dompetku/backend-ci4-dompetku/system/Database/BaseConnection.php(606): CodeIgniter\Database\BaseConnection->simpleQuery()
#3 /home/izaus/IzausLab/Project/dompetku/backend-ci4-dompetku/system/Database/Forge.php(637): CodeIgniter\Database\BaseConnection->query()
#4 /home/izaus/IzausLab/Project/dompetku/backend-ci4-dompetku/app/Database/Migrations/2023-08-13-162332_CreateUserTable.php(65): CodeIgniter\Database\Forge->dropTable()
#5 /home/izaus/IzausLab/Project/dompetku/backend-ci4-dompetku/system/Database/MigrationRunner.php(877): App\Database\Migrations\CreateUserTable->down()
#6 /home/izaus/IzausLab/Project/dompetku/backend-ci4-dompetku/system/Database/MigrationRunner.php(299): CodeIgniter\Database\MigrationRunner->migrate()
#7 /home/izaus/IzausLab/Project/dompetku/backend-ci4-dompetku/system/Commands/Database/MigrateRollback.php(92): CodeIgniter\Database\MigrationRunner->regress()
#8 /home/izaus/IzausLab/Project/dompetku/backend-ci4-dompetku/system/CLI/Commands.php(65): CodeIgniter\Commands\Database\MigrateRollback->run()
#9 /home/izaus/IzausLab/Project/dompetku/backend-ci4-dompetku/system/CLI/BaseCommand.php(114): CodeIgniter\CLI\Commands->run()
#10 /home/izaus/IzausLab/Project/dompetku/backend-ci4-dompetku/system/Commands/Database/MigrateRefresh.php(84): CodeIgniter\CLI\BaseCommand->call()
#11 /home/izaus/IzausLab/Project/dompetku/backend-ci4-dompetku/system/CLI/Commands.php(65): CodeIgniter\Commands\Database\MigrateRefresh->run()
#12 /home/izaus/IzausLab/Project/dompetku/backend-ci4-dompetku/system/CLI/Console.php(37): CodeIgniter\CLI\Commands->run()
#13 /home/izaus/IzausLab/Project/dompetku/backend-ci4-dompetku/spark(97): CodeIgniter\CLI\Console->run()
#14 {main}
ERROR - 2023-08-23 04:33:18 --> mysqli_sql_exception: Unknown table 'dompetku_db.user' in /home/izaus/IzausLab/Project/dompetku/backend-ci4-dompetku/system/Database/MySQLi/Connection.php:295
Stack trace:
#0 /home/izaus/IzausLab/Project/dompetku/backend-ci4-dompetku/system/Database/MySQLi/Connection.php(295): mysqli->query()
#1 /home/izaus/IzausLab/Project/dompetku/backend-ci4-dompetku/system/Database/BaseConnection.php(692): CodeIgniter\Database\MySQLi\Connection->execute()
#2 /home/izaus/IzausLab/Project/dompetku/backend-ci4-dompetku/system/Database/BaseConnection.php(606): CodeIgniter\Database\BaseConnection->simpleQuery()
#3 /home/izaus/IzausLab/Project/dompetku/backend-ci4-dompetku/system/Database/Forge.php(637): CodeIgniter\Database\BaseConnection->query()
#4 /home/izaus/IzausLab/Project/dompetku/backend-ci4-dompetku/app/Database/Migrations/2023-08-13-162332_CreateUserTable.php(65): CodeIgniter\Database\Forge->dropTable()
#5 /home/izaus/IzausLab/Project/dompetku/backend-ci4-dompetku/system/Database/MigrationRunner.php(877): App\Database\Migrations\CreateUserTable->down()
#6 /home/izaus/IzausLab/Project/dompetku/backend-ci4-dompetku/system/Database/MigrationRunner.php(299): CodeIgniter\Database\MigrationRunner->migrate()
#7 /home/izaus/IzausLab/Project/dompetku/backend-ci4-dompetku/system/Commands/Database/MigrateRollback.php(92): CodeIgniter\Database\MigrationRunner->regress()
#8 /home/izaus/IzausLab/Project/dompetku/backend-ci4-dompetku/system/CLI/Commands.php(65): CodeIgniter\Commands\Database\MigrateRollback->run()
#9 /home/izaus/IzausLab/Project/dompetku/backend-ci4-dompetku/system/CLI/Console.php(37): CodeIgniter\CLI\Commands->run()
#10 /home/izaus/IzausLab/Project/dompetku/backend-ci4-dompetku/spark(97): CodeIgniter\CLI\Console->run()
#11 {main}
ERROR - 2023-08-23 04:33:47 --> mysqli_sql_exception: Unknown table 'dompetku_db.user' in /home/izaus/IzausLab/Project/dompetku/backend-ci4-dompetku/system/Database/MySQLi/Connection.php:295
Stack trace:
#0 /home/izaus/IzausLab/Project/dompetku/backend-ci4-dompetku/system/Database/MySQLi/Connection.php(295): mysqli->query()
#1 /home/izaus/IzausLab/Project/dompetku/backend-ci4-dompetku/system/Database/BaseConnection.php(692): CodeIgniter\Database\MySQLi\Connection->execute()
#2 /home/izaus/IzausLab/Project/dompetku/backend-ci4-dompetku/system/Database/BaseConnection.php(606): CodeIgniter\Database\BaseConnection->simpleQuery()
#3 /home/izaus/IzausLab/Project/dompetku/backend-ci4-dompetku/system/Database/Forge.php(637): CodeIgniter\Database\BaseConnection->query()
#4 /home/izaus/IzausLab/Project/dompetku/backend-ci4-dompetku/app/Database/Migrations/2023-08-13-162332_CreateUserTable.php(65): CodeIgniter\Database\Forge->dropTable()
#5 /home/izaus/IzausLab/Project/dompetku/backend-ci4-dompetku/system/Database/MigrationRunner.php(877): App\Database\Migrations\CreateUserTable->down()
#6 /home/izaus/IzausLab/Project/dompetku/backend-ci4-dompetku/system/Database/MigrationRunner.php(299): CodeIgniter\Database\MigrationRunner->migrate()
#7 /home/izaus/IzausLab/Project/dompetku/backend-ci4-dompetku/system/Commands/Database/MigrateRollback.php(92): CodeIgniter\Database\MigrationRunner->regress()
#8 /home/izaus/IzausLab/Project/dompetku/backend-ci4-dompetku/system/CLI/Commands.php(65): CodeIgniter\Commands\Database\MigrateRollback->run()
#9 /home/izaus/IzausLab/Project/dompetku/backend-ci4-dompetku/system/CLI/BaseCommand.php(114): CodeIgniter\CLI\Commands->run()
#10 /home/izaus/IzausLab/Project/dompetku/backend-ci4-dompetku/system/Commands/Database/MigrateRefresh.php(84): CodeIgniter\CLI\BaseCommand->call()
#11 /home/izaus/IzausLab/Project/dompetku/backend-ci4-dompetku/system/CLI/Commands.php(65): CodeIgniter\Commands\Database\MigrateRefresh->run()
#12 /home/izaus/IzausLab/Project/dompetku/backend-ci4-dompetku/system/CLI/Console.php(37): CodeIgniter\CLI\Commands->run()
#13 /home/izaus/IzausLab/Project/dompetku/backend-ci4-dompetku/spark(97): CodeIgniter\CLI\Console->run()
#14 {main}
ERROR - 2023-08-23 04:34:12 --> mysqli_sql_exception: Unknown table 'dompetku_db.user' in /home/izaus/IzausLab/Project/dompetku/backend-ci4-dompetku/system/Database/MySQLi/Connection.php:295
Stack trace:
#0 /home/izaus/IzausLab/Project/dompetku/backend-ci4-dompetku/system/Database/MySQLi/Connection.php(295): mysqli->query()
#1 /home/izaus/IzausLab/Project/dompetku/backend-ci4-dompetku/system/Database/BaseConnection.php(692): CodeIgniter\Database\MySQLi\Connection->execute()
#2 /home/izaus/IzausLab/Project/dompetku/backend-ci4-dompetku/system/Database/BaseConnection.php(606): CodeIgniter\Database\BaseConnection->simpleQuery()
#3 /home/izaus/IzausLab/Project/dompetku/backend-ci4-dompetku/system/Database/Forge.php(637): CodeIgniter\Database\BaseConnection->query()
#4 /home/izaus/IzausLab/Project/dompetku/backend-ci4-dompetku/app/Database/Migrations/2023-08-13-162332_CreateUserTable.php(65): CodeIgniter\Database\Forge->dropTable()
#5 /home/izaus/IzausLab/Project/dompetku/backend-ci4-dompetku/system/Database/MigrationRunner.php(877): App\Database\Migrations\CreateUserTable->down()
#6 /home/izaus/IzausLab/Project/dompetku/backend-ci4-dompetku/system/Database/MigrationRunner.php(299): CodeIgniter\Database\MigrationRunner->migrate()
#7 /home/izaus/IzausLab/Project/dompetku/backend-ci4-dompetku/system/Commands/Database/MigrateRollback.php(92): CodeIgniter\Database\MigrationRunner->regress()
#8 /home/izaus/IzausLab/Project/dompetku/backend-ci4-dompetku/system/CLI/Commands.php(65): CodeIgniter\Commands\Database\MigrateRollback->run()
#9 /home/izaus/IzausLab/Project/dompetku/backend-ci4-dompetku/system/CLI/Console.php(37): CodeIgniter\CLI\Commands->run()
#10 /home/izaus/IzausLab/Project/dompetku/backend-ci4-dompetku/spark(97): CodeIgniter\CLI\Console->run()
#11 {main}
INFO - 2023-08-23 05:24:48 --> Session: Class initialized using 'CodeIgniter\Session\Handlers\FileHandler' driver.
INFO - 2023-08-23 05:24:59 --> Session: Class initialized using 'CodeIgniter\Session\Handlers\FileHandler' driver.
INFO - 2023-08-23 05:24:59 --> Session: Class initialized using 'CodeIgniter\Session\Handlers\FileHandler' driver.
INFO - 2023-08-23 05:25:06 --> Session: Class initialized using 'CodeIgniter\Session\Handlers\FileHandler' driver.
INFO - 2023-08-23 05:25:12 --> Session: Class initialized using 'CodeIgniter\Session\Handlers\FileHandler' driver.
INFO - 2023-08-23 05:34:13 --> Session: Class initialized using 'CodeIgniter\Session\Handlers\FileHandler' driver.
INFO - 2023-08-23 05:34:25 --> Session: Class initialized using 'CodeIgniter\Session\Handlers\FileHandler' driver.
INFO - 2023-08-23 06:17:52 --> Session: Class initialized using 'CodeIgniter\Session\Handlers\FileHandler' driver.
INFO - 2023-08-23 06:17:56 --> Session: Class initialized using 'CodeIgniter\Session\Handlers\FileHandler' driver.
INFO - 2023-08-23 06:17:59 --> Session: Class initialized using 'CodeIgniter\Session\Handlers\FileHandler' driver.
CRITICAL - 2023-08-23 06:17:59 --> Invalid file: "unit/v_form_type.php"
in SYSTEMPATH/Exceptions/FrameworkException.php on line 33.
 1 SYSTEMPATH/View/View.php(201): CodeIgniter\Exceptions\FrameworkException::forInvalidFile()
 2 SYSTEMPATH/Common.php(1184): CodeIgniter\View\View->render()
 3 APPPATH/Controllers/TypeController.php(29): view()
 4 SYSTEMPATH/CodeIgniter.php(934): App\Controllers\TypeController->create()
 5 SYSTEMPATH/CodeIgniter.php(499): CodeIgniter\CodeIgniter->runController()
 6 SYSTEMPATH/CodeIgniter.php(368): CodeIgniter\CodeIgniter->handleRequest()
 7 FCPATH/index.php(67): CodeIgniter\CodeIgniter->run()
 8 SYSTEMPATH/Commands/Server/rewrite.php(47): require_once('/home/izaus/IzausLab/Project/dompetku/backend-ci4-dompetku/public/index.php')
INFO - 2023-08-23 06:18:13 --> Session: Class initialized using 'CodeIgniter\Session\Handlers\FileHandler' driver.
INFO - 2023-08-23 06:18:39 --> Session: Class initialized using 'CodeIgniter\Session\Handlers\FileHandler' driver.
INFO - 2023-08-23 06:18:41 --> Session: Class initialized using 'CodeIgniter\Session\Handlers\FileHandler' driver.
INFO - 2023-08-23 06:18:43 --> Session: Class initialized using 'CodeIgniter\Session\Handlers\FileHandler' driver.
INFO - 2023-08-23 06:19:03 --> Session: Class initialized using 'CodeIgniter\Session\Handlers\FileHandler' driver.
INFO - 2023-08-23 06:19:12 --> Session: Class initialized using 'CodeIgniter\Session\Handlers\FileHandler' driver.
INFO - 2023-08-23 06:19:19 --> Session: Class initialized using 'CodeIgniter\Session\Handlers\FileHandler' driver.
INFO - 2023-08-23 06:19:21 --> Session: Class initialized using 'CodeIgniter\Session\Handlers\FileHandler' driver.
INFO - 2023-08-23 06:19:23 --> Session: Class initialized using 'CodeIgniter\Session\Handlers\FileHandler' driver.
INFO - 2023-08-23 06:19:30 --> Session: Class initialized using 'CodeIgniter\Session\Handlers\FileHandler' driver.
INFO - 2023-08-23 06:19:30 --> Session: Class initialized using 'CodeIgniter\Session\Handlers\FileHandler' driver.
INFO - 2023-08-23 06:19:38 --> Session: Class initialized using 'CodeIgniter\Session\Handlers\FileHandler' driver.
INFO - 2023-08-23 06:19:42 --> Session: Class initialized using 'CodeIgniter\Session\Handlers\FileHandler' driver.
INFO - 2023-08-23 06:19:42 --> Session: Class initialized using 'CodeIgniter\Session\Handlers\FileHandler' driver.
INFO - 2023-08-23 06:20:17 --> Session: Class initialized using 'CodeIgniter\Session\Handlers\FileHandler' driver.
INFO - 2023-08-23 06:20:18 --> Session: Class initialized using 'CodeIgniter\Session\Handlers\FileHandler' driver.
INFO - 2023-08-23 06:20:26 --> Session: Class initialized using 'CodeIgniter\Session\Handlers\FileHandler' driver.
INFO - 2023-08-23 06:20:26 --> Session: Class initialized using 'CodeIgniter\Session\Handlers\FileHandler' driver.
INFO - 2023-08-23 06:20:56 --> Session: Class initialized using 'CodeIgniter\Session\Handlers\FileHandler' driver.
INFO - 2023-08-23 06:20:56 --> Session: Class initialized using 'CodeIgniter\Session\Handlers\FileHandler' driver.
INFO - 2023-08-23 06:26:38 --> Session: Class initialized using 'CodeIgniter\Session\Handlers\FileHandler' driver.
INFO - 2023-08-23 06:26:40 --> Session: Class initialized using 'CodeIgniter\Session\Handlers\FileHandler' driver.
INFO - 2023-08-23 06:26:42 --> Session: Class initialized using 'CodeIgniter\Session\Handlers\FileHandler' driver.
INFO - 2023-08-23 06:27:00 --> Session: Class initialized using 'CodeIgniter\Session\Handlers\FileHandler' driver.
INFO - 2023-08-23 06:27:00 --> Session: Class initialized using 'CodeIgniter\Session\Handlers\FileHandler' driver.
INFO - 2023-08-23 06:27:03 --> Session: Class initialized using 'CodeIgniter\Session\Handlers\FileHandler' driver.
INFO - 2023-08-23 06:27:07 --> Session: Class initialized using 'CodeIgniter\Session\Handlers\FileHandler' driver.
INFO - 2023-08-23 06:27:20 --> Session: Class initialized using 'CodeIgniter\Session\Handlers\FileHandler' driver.
INFO - 2023-08-23 06:27:20 --> Session: Class initialized using 'CodeIgniter\Session\Handlers\FileHandler' driver.
INFO - 2023-08-23 06:27:40 --> Session: Class initialized using 'CodeIgniter\Session\Handlers\FileHandler' driver.
INFO - 2023-08-23 06:27:50 --> Session: Class initialized using 'CodeIgniter\Session\Handlers\FileHandler' driver.
INFO - 2023-08-23 06:27:50 --> Session: Class initialized using 'CodeIgniter\Session\Handlers\FileHandler' driver.
INFO - 2023-08-23 06:27:54 --> Session: Class initialized using 'CodeIgniter\Session\Handlers\FileHandler' driver.
INFO - 2023-08-23 06:27:58 --> Session: Class initialized using 'CodeIgniter\Session\Handlers\FileHandler' driver.
INFO - 2023-08-23 06:27:58 --> Session: Class initialized using 'CodeIgniter\Session\Handlers\FileHandler' driver.
INFO - 2023-08-23 06:28:01 --> Session: Class initialized using 'CodeIgniter\Session\Handlers\FileHandler' driver.
INFO - 2023-08-23 06:28:01 --> Session: Class initialized using 'CodeIgniter\Session\Handlers\FileHandler' driver.
INFO - 2023-08-23 06:28:03 --> Session: Class initialized using 'CodeIgniter\Session\Handlers\FileHandler' driver.
INFO - 2023-08-23 06:28:08 --> Session: Class initialized using 'CodeIgniter\Session\Handlers\FileHandler' driver.
INFO - 2023-08-23 06:28:12 --> Session: Class initialized using 'CodeIgniter\Session\Handlers\FileHandler' driver.
INFO - 2023-08-23 06:28:12 --> Session: Class initialized using 'CodeIgniter\Session\Handlers\FileHandler' driver.
INFO - 2023-08-23 06:28:16 --> Session: Class initialized using 'CodeIgniter\Session\Handlers\FileHandler' driver.
INFO - 2023-08-23 06:28:18 --> Session: Class initialized using 'CodeIgniter\Session\Handlers\FileHandler' driver.
INFO - 2023-08-23 06:28:18 --> Session: Class initialized using 'CodeIgniter\Session\Handlers\FileHandler' driver.
INFO - 2023-08-23 06:28:21 --> Session: Class initialized using 'CodeIgniter\Session\Handlers\FileHandler' driver.
INFO - 2023-08-23 06:28:21 --> Session: Class initialized using 'CodeIgniter\Session\Handlers\FileHandler' driver.
INFO - 2023-08-23 06:28:25 --> Session: Class initialized using 'CodeIgniter\Session\Handlers\FileHandler' driver.
INFO - 2023-08-23 06:28:27 --> Session: Class initialized using 'CodeIgniter\Session\Handlers\FileHandler' driver.
INFO - 2023-08-23 06:28:31 --> Session: Class initialized using 'CodeIgniter\Session\Handlers\FileHandler' driver.
INFO - 2023-08-23 06:28:31 --> Session: Class initialized using 'CodeIgniter\Session\Handlers\FileHandler' driver.
INFO - 2023-08-23 06:28:34 --> Session: Class initialized using 'CodeIgniter\Session\Handlers\FileHandler' driver.
INFO - 2023-08-23 06:28:36 --> Session: Class initialized using 'CodeIgniter\Session\Handlers\FileHandler' driver.
INFO - 2023-08-23 06:28:38 --> Session: Class initialized using 'CodeIgniter\Session\Handlers\FileHandler' driver.
INFO - 2023-08-23 06:28:38 --> Session: Class initialized using 'CodeIgniter\Session\Handlers\FileHandler' driver.
INFO - 2023-08-23 06:28:40 --> Session: Class initialized using 'CodeIgniter\Session\Handlers\FileHandler' driver.
INFO - 2023-08-23 06:28:44 --> Session: Class initialized using 'CodeIgniter\Session\Handlers\FileHandler' driver.
INFO - 2023-08-23 06:28:44 --> Session: Class initialized using 'CodeIgniter\Session\Handlers\FileHandler' driver.
INFO - 2023-08-23 06:28:51 --> Session: Class initialized using 'CodeIgniter\Session\Handlers\FileHandler' driver.
INFO - 2023-08-23 06:28:53 --> Session: Class initialized using 'CodeIgniter\Session\Handlers\FileHandler' driver.
INFO - 2023-08-23 06:28:53 --> Session: Class initialized using 'CodeIgniter\Session\Handlers\FileHandler' driver.
INFO - 2023-08-23 06:28:57 --> Session: Class initialized using 'CodeIgniter\Session\Handlers\FileHandler' driver.
INFO - 2023-08-23 06:28:57 --> Session: Class initialized using 'CodeIgniter\Session\Handlers\FileHandler' driver.
INFO - 2023-08-23 06:33:45 --> Session: Class initialized using 'CodeIgniter\Session\Handlers\FileHandler' driver.
INFO - 2023-08-23 06:33:49 --> Session: Class initialized using 'CodeIgniter\Session\Handlers\FileHandler' driver.
INFO - 2023-08-23 06:33:49 --> Session: Class initialized using 'CodeIgniter\Session\Handlers\FileHandler' driver.
INFO - 2023-08-23 06:34:06 --> Session: Class initialized using 'CodeIgniter\Session\Handlers\FileHandler' driver.
INFO - 2023-08-23 06:34:06 --> Session: Class initialized using 'CodeIgniter\Session\Handlers\FileHandler' driver.
INFO - 2023-08-23 06:37:41 --> Session: Class initialized using 'CodeIgniter\Session\Handlers\FileHandler' driver.
INFO - 2023-08-23 06:37:54 --> Session: Class initialized using 'CodeIgniter\Session\Handlers\FileHandler' driver.
INFO - 2023-08-23 06:37:54 --> Session: Class initialized using 'CodeIgniter\Session\Handlers\FileHandler' driver.
INFO - 2023-08-23 06:38:10 --> Session: Class initialized using 'CodeIgniter\Session\Handlers\FileHandler' driver.
INFO - 2023-08-23 06:38:10 --> Session: Class initialized using 'CodeIgniter\Session\Handlers\FileHandler' driver.
INFO - 2023-08-23 06:38:31 --> Session: Class initialized using 'CodeIgniter\Session\Handlers\FileHandler' driver.
INFO - 2023-08-23 06:38:31 --> Session: Class initialized using 'CodeIgniter\Session\Handlers\FileHandler' driver.
CRITICAL - 2023-08-23 06:38:31 --> Array to string conversion
in APPPATH/Views/v_login.php on line 45.
 1 APPPATH/Views/v_login.php(45): CodeIgniter\Debug\Exceptions->errorHandler()
 2 SYSTEMPATH/View/View.php(213): include('/home/izaus/IzausLab/Project/dompetku/backend-ci4-dompetku/app/Views/v_login.php')
 3 SYSTEMPATH/View/View.php(216): CodeIgniter\View\View->CodeIgniter\View\{closure}()
 4 SYSTEMPATH/Common.php(1184): CodeIgniter\View\View->render()
 5 APPPATH/Controllers/AuthController.php(12): view()
 6 SYSTEMPATH/CodeIgniter.php(934): App\Controllers\AuthController->index()
 7 SYSTEMPATH/CodeIgniter.php(499): CodeIgniter\CodeIgniter->runController()
 8 SYSTEMPATH/CodeIgniter.php(368): CodeIgniter\CodeIgniter->handleRequest()
 9 FCPATH/index.php(67): CodeIgniter\CodeIgniter->run()
10 SYSTEMPATH/Commands/Server/rewrite.php(47): require_once('/home/izaus/IzausLab/Project/dompetku/backend-ci4-dompetku/public/index.php')
INFO - 2023-08-23 06:41:10 --> Session: Class initialized using 'CodeIgniter\Session\Handlers\FileHandler' driver.
INFO - 2023-08-23 06:41:21 --> Session: Class initialized using 'CodeIgniter\Session\Handlers\FileHandler' driver.
INFO - 2023-08-23 06:41:21 --> Session: Class initialized using 'CodeIgniter\Session\Handlers\FileHandler' driver.
