INFO - 2023-09-02 07:55:49 --> Session: Class initialized using 'CodeIgniter\Session\Handlers\FileHandler' driver.
INFO - 2023-09-02 07:56:49 --> Session: Class initialized using 'CodeIgniter\Session\Handlers\FileHandler' driver.
INFO - 2023-09-02 07:57:14 --> Session: Class initialized using 'CodeIgniter\Session\Handlers\FileHandler' driver.
INFO - 2023-09-02 07:57:14 --> Session: Class initialized using 'CodeIgniter\Session\Handlers\FileHandler' driver.
INFO - 2023-09-02 07:57:20 --> Session: Class initialized using 'CodeIgniter\Session\Handlers\FileHandler' driver.
INFO - 2023-09-02 07:57:29 --> Session: Class initialized using 'CodeIgniter\Session\Handlers\FileHandler' driver.
ERROR - 2023-09-02 07:57:29 --> mysqli_sql_exception: Unknown column 'expense.name_income' in 'field list' in /home/izaus/IzausLab/Project/dompetku/backend-ci4-dompetku/system/Database/MySQLi/Connection.php:295
Stack trace:
#0 /home/izaus/IzausLab/Project/dompetku/backend-ci4-dompetku/system/Database/MySQLi/Connection.php(295): mysqli->query()
#1 /home/izaus/IzausLab/Project/dompetku/backend-ci4-dompetku/system/Database/BaseConnection.php(692): CodeIgniter\Database\MySQLi\Connection->execute()
#2 /home/izaus/IzausLab/Project/dompetku/backend-ci4-dompetku/system/Database/BaseConnection.php(606): CodeIgniter\Database\BaseConnection->simpleQuery()
#3 /home/izaus/IzausLab/Project/dompetku/backend-ci4-dompetku/system/Database/BaseBuilder.php(1616): CodeIgniter\Database\BaseConnection->query()
#4 /home/izaus/IzausLab/Project/dompetku/backend-ci4-dompetku/system/Model.php(241): CodeIgniter\Database\BaseBuilder->get()
#5 /home/izaus/IzausLab/Project/dompetku/backend-ci4-dompetku/system/BaseModel.php(618): CodeIgniter\Model->doFindAll()
#6 /home/izaus/IzausLab/Project/dompetku/backend-ci4-dompetku/app/Controllers/ExpenseController.php(29): CodeIgniter\BaseModel->findAll()
#7 /home/izaus/IzausLab/Project/dompetku/backend-ci4-dompetku/system/CodeIgniter.php(934): App\Controllers\ExpenseController->index()
#8 /home/izaus/IzausLab/Project/dompetku/backend-ci4-dompetku/system/CodeIgniter.php(499): CodeIgniter\CodeIgniter->runController()
#9 /home/izaus/IzausLab/Project/dompetku/backend-ci4-dompetku/system/CodeIgniter.php(368): CodeIgniter\CodeIgniter->handleRequest()
#10 /home/izaus/IzausLab/Project/dompetku/backend-ci4-dompetku/public/index.php(67): CodeIgniter\CodeIgniter->run()
#11 /home/izaus/IzausLab/Project/dompetku/backend-ci4-dompetku/system/Commands/Server/rewrite.php(47): require_once('...')
#12 {main}
CRITICAL - 2023-09-02 07:57:29 --> Unknown column 'expense.name_income' in 'field list'
in SYSTEMPATH/Database/MySQLi/Connection.php on line 295.
 1 SYSTEMPATH/Database/MySQLi/Connection.php(295): mysqli->query()
 2 SYSTEMPATH/Database/BaseConnection.php(692): CodeIgniter\Database\MySQLi\Connection->execute()
 3 SYSTEMPATH/Database/BaseConnection.php(606): CodeIgniter\Database\BaseConnection->simpleQuery()
 4 SYSTEMPATH/Database/BaseBuilder.php(1616): CodeIgniter\Database\BaseConnection->query()
 5 SYSTEMPATH/Model.php(241): CodeIgniter\Database\BaseBuilder->get()
 6 SYSTEMPATH/BaseModel.php(618): CodeIgniter\Model->doFindAll()
 7 APPPATH/Controllers/ExpenseController.php(29): CodeIgniter\BaseModel->findAll()
 8 SYSTEMPATH/CodeIgniter.php(934): App\Controllers\ExpenseController->index()
 9 SYSTEMPATH/CodeIgniter.php(499): CodeIgniter\CodeIgniter->runController()
10 SYSTEMPATH/CodeIgniter.php(368): CodeIgniter\CodeIgniter->handleRequest()
11 FCPATH/index.php(67): CodeIgniter\CodeIgniter->run()
12 SYSTEMPATH/Commands/Server/rewrite.php(47): require_once('/home/izaus/IzausLab/Project/dompetku/backend-ci4-dompetku/public/index.php')
INFO - 2023-09-02 07:57:32 --> Session: Class initialized using 'CodeIgniter\Session\Handlers\FileHandler' driver.
INFO - 2023-09-02 07:57:35 --> Session: Class initialized using 'CodeIgniter\Session\Handlers\FileHandler' driver.
ERROR - 2023-09-02 07:57:35 --> mysqli_sql_exception: Unknown column 'expense.name_income' in 'field list' in /home/izaus/IzausLab/Project/dompetku/backend-ci4-dompetku/system/Database/MySQLi/Connection.php:295
Stack trace:
#0 /home/izaus/IzausLab/Project/dompetku/backend-ci4-dompetku/system/Database/MySQLi/Connection.php(295): mysqli->query()
#1 /home/izaus/IzausLab/Project/dompetku/backend-ci4-dompetku/system/Database/BaseConnection.php(692): CodeIgniter\Database\MySQLi\Connection->execute()
#2 /home/izaus/IzausLab/Project/dompetku/backend-ci4-dompetku/system/Database/BaseConnection.php(606): CodeIgniter\Database\BaseConnection->simpleQuery()
#3 /home/izaus/IzausLab/Project/dompetku/backend-ci4-dompetku/system/Database/BaseBuilder.php(1616): CodeIgniter\Database\BaseConnection->query()
#4 /home/izaus/IzausLab/Project/dompetku/backend-ci4-dompetku/system/Model.php(241): CodeIgniter\Database\BaseBuilder->get()
#5 /home/izaus/IzausLab/Project/dompetku/backend-ci4-dompetku/system/BaseModel.php(618): CodeIgniter\Model->doFindAll()
#6 /home/izaus/IzausLab/Project/dompetku/backend-ci4-dompetku/app/Controllers/ExpenseController.php(29): CodeIgniter\BaseModel->findAll()
#7 /home/izaus/IzausLab/Project/dompetku/backend-ci4-dompetku/system/CodeIgniter.php(934): App\Controllers\ExpenseController->index()
#8 /home/izaus/IzausLab/Project/dompetku/backend-ci4-dompetku/system/CodeIgniter.php(499): CodeIgniter\CodeIgniter->runController()
#9 /home/izaus/IzausLab/Project/dompetku/backend-ci4-dompetku/system/CodeIgniter.php(368): CodeIgniter\CodeIgniter->handleRequest()
#10 /home/izaus/IzausLab/Project/dompetku/backend-ci4-dompetku/public/index.php(67): CodeIgniter\CodeIgniter->run()
#11 /home/izaus/IzausLab/Project/dompetku/backend-ci4-dompetku/system/Commands/Server/rewrite.php(47): require_once('...')
#12 {main}
CRITICAL - 2023-09-02 07:57:35 --> Unknown column 'expense.name_income' in 'field list'
in SYSTEMPATH/Database/MySQLi/Connection.php on line 295.
 1 SYSTEMPATH/Database/MySQLi/Connection.php(295): mysqli->query()
 2 SYSTEMPATH/Database/BaseConnection.php(692): CodeIgniter\Database\MySQLi\Connection->execute()
 3 SYSTEMPATH/Database/BaseConnection.php(606): CodeIgniter\Database\BaseConnection->simpleQuery()
 4 SYSTEMPATH/Database/BaseBuilder.php(1616): CodeIgniter\Database\BaseConnection->query()
 5 SYSTEMPATH/Model.php(241): CodeIgniter\Database\BaseBuilder->get()
 6 SYSTEMPATH/BaseModel.php(618): CodeIgniter\Model->doFindAll()
 7 APPPATH/Controllers/ExpenseController.php(29): CodeIgniter\BaseModel->findAll()
 8 SYSTEMPATH/CodeIgniter.php(934): App\Controllers\ExpenseController->index()
 9 SYSTEMPATH/CodeIgniter.php(499): CodeIgniter\CodeIgniter->runController()
10 SYSTEMPATH/CodeIgniter.php(368): CodeIgniter\CodeIgniter->handleRequest()
11 FCPATH/index.php(67): CodeIgniter\CodeIgniter->run()
12 SYSTEMPATH/Commands/Server/rewrite.php(47): require_once('/home/izaus/IzausLab/Project/dompetku/backend-ci4-dompetku/public/index.php')
INFO - 2023-09-02 07:58:17 --> Session: Class initialized using 'CodeIgniter\Session\Handlers\FileHandler' driver.
INFO - 2023-09-02 07:58:18 --> Session: Class initialized using 'CodeIgniter\Session\Handlers\FileHandler' driver.
INFO - 2023-09-02 07:58:20 --> Session: Class initialized using 'CodeIgniter\Session\Handlers\FileHandler' driver.
ERROR - 2023-09-02 07:58:20 --> mysqli_sql_exception: Unknown column 'expense.name_income' in 'field list' in /home/izaus/IzausLab/Project/dompetku/backend-ci4-dompetku/system/Database/MySQLi/Connection.php:295
Stack trace:
#0 /home/izaus/IzausLab/Project/dompetku/backend-ci4-dompetku/system/Database/MySQLi/Connection.php(295): mysqli->query()
#1 /home/izaus/IzausLab/Project/dompetku/backend-ci4-dompetku/system/Database/BaseConnection.php(692): CodeIgniter\Database\MySQLi\Connection->execute()
#2 /home/izaus/IzausLab/Project/dompetku/backend-ci4-dompetku/system/Database/BaseConnection.php(606): CodeIgniter\Database\BaseConnection->simpleQuery()
#3 /home/izaus/IzausLab/Project/dompetku/backend-ci4-dompetku/system/Database/BaseBuilder.php(1616): CodeIgniter\Database\BaseConnection->query()
#4 /home/izaus/IzausLab/Project/dompetku/backend-ci4-dompetku/system/Model.php(241): CodeIgniter\Database\BaseBuilder->get()
#5 /home/izaus/IzausLab/Project/dompetku/backend-ci4-dompetku/system/BaseModel.php(618): CodeIgniter\Model->doFindAll()
#6 /home/izaus/IzausLab/Project/dompetku/backend-ci4-dompetku/app/Controllers/ExpenseController.php(29): CodeIgniter\BaseModel->findAll()
#7 /home/izaus/IzausLab/Project/dompetku/backend-ci4-dompetku/system/CodeIgniter.php(934): App\Controllers\ExpenseController->index()
#8 /home/izaus/IzausLab/Project/dompetku/backend-ci4-dompetku/system/CodeIgniter.php(499): CodeIgniter\CodeIgniter->runController()
#9 /home/izaus/IzausLab/Project/dompetku/backend-ci4-dompetku/system/CodeIgniter.php(368): CodeIgniter\CodeIgniter->handleRequest()
#10 /home/izaus/IzausLab/Project/dompetku/backend-ci4-dompetku/public/index.php(67): CodeIgniter\CodeIgniter->run()
#11 /home/izaus/IzausLab/Project/dompetku/backend-ci4-dompetku/system/Commands/Server/rewrite.php(47): require_once('...')
#12 {main}
CRITICAL - 2023-09-02 07:58:20 --> Unknown column 'expense.name_income' in 'field list'
in SYSTEMPATH/Database/MySQLi/Connection.php on line 295.
 1 SYSTEMPATH/Database/MySQLi/Connection.php(295): mysqli->query()
 2 SYSTEMPATH/Database/BaseConnection.php(692): CodeIgniter\Database\MySQLi\Connection->execute()
 3 SYSTEMPATH/Database/BaseConnection.php(606): CodeIgniter\Database\BaseConnection->simpleQuery()
 4 SYSTEMPATH/Database/BaseBuilder.php(1616): CodeIgniter\Database\BaseConnection->query()
 5 SYSTEMPATH/Model.php(241): CodeIgniter\Database\BaseBuilder->get()
 6 SYSTEMPATH/BaseModel.php(618): CodeIgniter\Model->doFindAll()
 7 APPPATH/Controllers/ExpenseController.php(29): CodeIgniter\BaseModel->findAll()
 8 SYSTEMPATH/CodeIgniter.php(934): App\Controllers\ExpenseController->index()
 9 SYSTEMPATH/CodeIgniter.php(499): CodeIgniter\CodeIgniter->runController()
10 SYSTEMPATH/CodeIgniter.php(368): CodeIgniter\CodeIgniter->handleRequest()
11 FCPATH/index.php(67): CodeIgniter\CodeIgniter->run()
12 SYSTEMPATH/Commands/Server/rewrite.php(47): require_once('/home/izaus/IzausLab/Project/dompetku/backend-ci4-dompetku/public/index.php')
INFO - 2023-09-02 07:59:23 --> Session: Class initialized using 'CodeIgniter\Session\Handlers\FileHandler' driver.
INFO - 2023-09-02 07:59:28 --> Session: Class initialized using 'CodeIgniter\Session\Handlers\FileHandler' driver.
INFO - 2023-09-02 07:59:31 --> Session: Class initialized using 'CodeIgniter\Session\Handlers\FileHandler' driver.
INFO - 2023-09-02 08:02:19 --> Session: Class initialized using 'CodeIgniter\Session\Handlers\FileHandler' driver.
CRITICAL - 2023-09-02 08:02:19 --> Undefined array key "name_income"
in APPPATH/Views/v_expense.php on line 52.
 1 APPPATH/Views/v_expense.php(52): CodeIgniter\Debug\Exceptions->errorHandler()
 2 SYSTEMPATH/View/View.php(213): include('/home/izaus/IzausLab/Project/dompetku/backend-ci4-dompetku/app/Views/v_expense.php')
 3 SYSTEMPATH/View/View.php(216): CodeIgniter\View\View->CodeIgniter\View\{closure}()
 4 SYSTEMPATH/Common.php(1184): CodeIgniter\View\View->render()
 5 APPPATH/Controllers/ExpenseController.php(34): view()
 6 SYSTEMPATH/CodeIgniter.php(934): App\Controllers\ExpenseController->index()
 7 SYSTEMPATH/CodeIgniter.php(499): CodeIgniter\CodeIgniter->runController()
 8 SYSTEMPATH/CodeIgniter.php(368): CodeIgniter\CodeIgniter->handleRequest()
 9 FCPATH/index.php(67): CodeIgniter\CodeIgniter->run()
10 SYSTEMPATH/Commands/Server/rewrite.php(47): require_once('/home/izaus/IzausLab/Project/dompetku/backend-ci4-dompetku/public/index.php')
INFO - 2023-09-02 08:03:08 --> Session: Class initialized using 'CodeIgniter\Session\Handlers\FileHandler' driver.
INFO - 2023-09-02 08:08:01 --> Session: Class initialized using 'CodeIgniter\Session\Handlers\FileHandler' driver.
INFO - 2023-09-02 08:08:02 --> Session: Class initialized using 'CodeIgniter\Session\Handlers\FileHandler' driver.
INFO - 2023-09-02 08:08:14 --> Session: Class initialized using 'CodeIgniter\Session\Handlers\FileHandler' driver.
INFO - 2023-09-02 08:18:04 --> Session: Class initialized using 'CodeIgniter\Session\Handlers\FileHandler' driver.
INFO - 2023-09-02 08:27:15 --> Session: Class initialized using 'CodeIgniter\Session\Handlers\FileHandler' driver.
INFO - 2023-09-02 08:27:21 --> Session: Class initialized using 'CodeIgniter\Session\Handlers\FileHandler' driver.
INFO - 2023-09-02 08:27:24 --> Session: Class initialized using 'CodeIgniter\Session\Handlers\FileHandler' driver.
INFO - 2023-09-02 08:27:28 --> Session: Class initialized using 'CodeIgniter\Session\Handlers\FileHandler' driver.
INFO - 2023-09-02 08:28:36 --> Session: Class initialized using 'CodeIgniter\Session\Handlers\FileHandler' driver.
INFO - 2023-09-02 08:28:36 --> Session: Class initialized using 'CodeIgniter\Session\Handlers\FileHandler' driver.
INFO - 2023-09-02 08:28:46 --> Session: Class initialized using 'CodeIgniter\Session\Handlers\FileHandler' driver.
INFO - 2023-09-02 08:29:06 --> Session: Class initialized using 'CodeIgniter\Session\Handlers\FileHandler' driver.
INFO - 2023-09-02 08:29:12 --> Session: Class initialized using 'CodeIgniter\Session\Handlers\FileHandler' driver.
INFO - 2023-09-02 08:29:33 --> Session: Class initialized using 'CodeIgniter\Session\Handlers\FileHandler' driver.
INFO - 2023-09-02 08:29:47 --> Session: Class initialized using 'CodeIgniter\Session\Handlers\FileHandler' driver.
INFO - 2023-09-02 08:32:15 --> Session: Class initialized using 'CodeIgniter\Session\Handlers\FileHandler' driver.
INFO - 2023-09-02 08:32:43 --> Session: Class initialized using 'CodeIgniter\Session\Handlers\FileHandler' driver.
INFO - 2023-09-02 08:33:08 --> Session: Class initialized using 'CodeIgniter\Session\Handlers\FileHandler' driver.
INFO - 2023-09-02 08:33:08 --> Session: Class initialized using 'CodeIgniter\Session\Handlers\FileHandler' driver.
INFO - 2023-09-02 08:33:15 --> Session: Class initialized using 'CodeIgniter\Session\Handlers\FileHandler' driver.
INFO - 2023-09-02 08:33:19 --> Session: Class initialized using 'CodeIgniter\Session\Handlers\FileHandler' driver.
INFO - 2023-09-02 08:33:24 --> Session: Class initialized using 'CodeIgniter\Session\Handlers\FileHandler' driver.
INFO - 2023-09-02 08:34:17 --> Session: Class initialized using 'CodeIgniter\Session\Handlers\FileHandler' driver.
INFO - 2023-09-02 08:34:17 --> Session: Class initialized using 'CodeIgniter\Session\Handlers\FileHandler' driver.
INFO - 2023-09-02 08:42:45 --> Session: Class initialized using 'CodeIgniter\Session\Handlers\FileHandler' driver.
INFO - 2023-09-02 08:43:09 --> Session: Class initialized using 'CodeIgniter\Session\Handlers\FileHandler' driver.
INFO - 2023-09-02 08:43:11 --> Session: Class initialized using 'CodeIgniter\Session\Handlers\FileHandler' driver.
CRITICAL - 2023-09-02 08:43:11 --> Undefined variable $income
in APPPATH/Views/expense/v_form_expense.php on line 16.
 1 APPPATH/Views/expense/v_form_expense.php(16): CodeIgniter\Debug\Exceptions->errorHandler()
 2 SYSTEMPATH/View/View.php(213): include('/home/izaus/IzausLab/Project/dompetku/backend-ci4-dompetku/app/Views/expense/v_form_expense.php')
 3 SYSTEMPATH/View/View.php(216): CodeIgniter\View\View->CodeIgniter\View\{closure}()
 4 SYSTEMPATH/Common.php(1184): CodeIgniter\View\View->render()
 5 APPPATH/Controllers/ExpenseController.php(90): view()
 6 SYSTEMPATH/CodeIgniter.php(934): App\Controllers\ExpenseController->edit()
 7 SYSTEMPATH/CodeIgniter.php(499): CodeIgniter\CodeIgniter->runController()
 8 SYSTEMPATH/CodeIgniter.php(368): CodeIgniter\CodeIgniter->handleRequest()
 9 FCPATH/index.php(67): CodeIgniter\CodeIgniter->run()
10 SYSTEMPATH/Commands/Server/rewrite.php(47): require_once('/home/izaus/IzausLab/Project/dompetku/backend-ci4-dompetku/public/index.php')
INFO - 2023-09-02 08:43:52 --> Session: Class initialized using 'CodeIgniter\Session\Handlers\FileHandler' driver.
INFO - 2023-09-02 08:44:13 --> Session: Class initialized using 'CodeIgniter\Session\Handlers\FileHandler' driver.
CRITICAL - 2023-09-02 08:44:13 --> Undefined property: App\Controllers\ExpenseController::$ModelIncome
in APPPATH/Controllers/ExpenseController.php on line 128.
 1 APPPATH/Controllers/ExpenseController.php(128): CodeIgniter\Debug\Exceptions->errorHandler()
 2 SYSTEMPATH/CodeIgniter.php(934): App\Controllers\ExpenseController->update()
 3 SYSTEMPATH/CodeIgniter.php(499): CodeIgniter\CodeIgniter->runController()
 4 SYSTEMPATH/CodeIgniter.php(368): CodeIgniter\CodeIgniter->handleRequest()
 5 FCPATH/index.php(67): CodeIgniter\CodeIgniter->run()
 6 SYSTEMPATH/Commands/Server/rewrite.php(47): require_once('/home/izaus/IzausLab/Project/dompetku/backend-ci4-dompetku/public/index.php')
INFO - 2023-09-02 08:44:33 --> Session: Class initialized using 'CodeIgniter\Session\Handlers\FileHandler' driver.
INFO - 2023-09-02 08:44:33 --> Session: Class initialized using 'CodeIgniter\Session\Handlers\FileHandler' driver.
INFO - 2023-09-02 08:44:39 --> Session: Class initialized using 'CodeIgniter\Session\Handlers\FileHandler' driver.
INFO - 2023-09-02 08:44:41 --> Session: Class initialized using 'CodeIgniter\Session\Handlers\FileHandler' driver.
INFO - 2023-09-02 08:45:03 --> Session: Class initialized using 'CodeIgniter\Session\Handlers\FileHandler' driver.
INFO - 2023-09-02 08:45:03 --> Session: Class initialized using 'CodeIgniter\Session\Handlers\FileHandler' driver.
INFO - 2023-09-02 08:45:07 --> Session: Class initialized using 'CodeIgniter\Session\Handlers\FileHandler' driver.
INFO - 2023-09-02 08:45:13 --> Session: Class initialized using 'CodeIgniter\Session\Handlers\FileHandler' driver.
INFO - 2023-09-02 08:45:31 --> Session: Class initialized using 'CodeIgniter\Session\Handlers\FileHandler' driver.
INFO - 2023-09-02 08:45:31 --> Session: Class initialized using 'CodeIgniter\Session\Handlers\FileHandler' driver.
INFO - 2023-09-02 08:45:35 --> Session: Class initialized using 'CodeIgniter\Session\Handlers\FileHandler' driver.
INFO - 2023-09-02 08:45:47 --> Session: Class initialized using 'CodeIgniter\Session\Handlers\FileHandler' driver.
INFO - 2023-09-02 08:46:00 --> Session: Class initialized using 'CodeIgniter\Session\Handlers\FileHandler' driver.
INFO - 2023-09-02 08:46:00 --> Session: Class initialized using 'CodeIgniter\Session\Handlers\FileHandler' driver.
INFO - 2023-09-02 08:46:04 --> Session: Class initialized using 'CodeIgniter\Session\Handlers\FileHandler' driver.
INFO - 2023-09-02 08:48:41 --> Session: Class initialized using 'CodeIgniter\Session\Handlers\FileHandler' driver.
INFO - 2023-09-02 08:49:38 --> Session: Class initialized using 'CodeIgniter\Session\Handlers\FileHandler' driver.
INFO - 2023-09-02 08:49:38 --> Session: Class initialized using 'CodeIgniter\Session\Handlers\FileHandler' driver.
INFO - 2023-09-02 08:49:44 --> Session: Class initialized using 'CodeIgniter\Session\Handlers\FileHandler' driver.
INFO - 2023-09-02 08:51:06 --> Session: Class initialized using 'CodeIgniter\Session\Handlers\FileHandler' driver.
INFO - 2023-09-02 08:52:28 --> Session: Class initialized using 'CodeIgniter\Session\Handlers\FileHandler' driver.
